Jun 10 00:46 : exception: Failed to decode /mnt/SCND/M3U/Shawn Mendes, Camila Cabello - Señorita.mp3; Failed to open '/mnt/SCND/M3U/Shawn Mendes, Camila Cabello - Señorita.mp3': No such file or directory
Jun 10 00:46 : player: played "Shawn Mendes, Camila Cabello - Señorita.mp3"
Jun 10 00:46 : exception: Failed to open /home/miu/.config/mpd/playlists: No such file or directory
Jun 10 00:46 : update: removing XXXTENTACION - SAD!.mp3
Jun 10 00:46 : update: removing Camila Cabello, Young Thug - Havana (feat. Young Thug).mp3
Jun 10 00:46 : update: removing Ryan Mack - Broke.mp3
Jun 10 00:46 : update: removing The Tokens - The Lion Sleeps Tonight.mp3
Jun 10 00:46 : update: removing Alan Walker, Conor Maynard - Believers.mp3
Jun 10 00:46 : update: removing Tech N9ne, Joey Cool, King Iso, Dwayne Johnson - Face Off.mp3
Jun 10 00:46 : update: removing Alan Walker, Ava Max - Alone, Pt. II.mp3
Jun 10 00:46 : update: removing Lil Nas X - Old Town Road.mp3
Jun 10 00:46 : update: removing Taylor Swift - Bad Blood.mp3
Jun 10 00:46 : update: removing Ed Sheeran - Shape of You.mp3
Jun 10 00:46 : update: removing Ryan Mack - Guess That's Love.mp3
Jun 10 00:46 : update: removing Dua Lipa - Levitating.mp3
Jun 10 00:46 : update: removing The Macarons Project - Fly Me to the Moon.mp3
Jun 10 00:46 : update: removing TheFatRat, Anjulie - Fly Away.mp3
Jun 10 00:46 : update: removing Ellie Goulding - Love Me Like You Do.mp3
Jun 10 00:46 : update: removing Imagine Dragons - Believer.mp3
Jun 10 00:46 : update: removing Axel Johansson - Do Or Die.mp3
Jun 10 00:46 : update: removing Alan Walker - Faded.mp3
Jun 10 00:46 : update: removing Alan Walker, AuRa, Tomine Harket - Darkside.mp3
Jun 10 00:46 : update: removing TheFatRat - Dancing Naked.mp3
Jun 10 00:46 : update: removing TheFatRat, Anjulie - Close To The Sun.mp3
Jun 10 00:46 : update: removing Dream, Alec Benjamin - Change My Clothes.mp3
Jun 10 00:46 : update: removing Clarx, Harddope - Castle.mp3
Jun 10 00:46 : update: removing Justin Bieber - Sorry.mp3
Jun 10 00:46 : update: removing Katy Perry - Roar.mp3
Jun 10 00:46 : update: removing TheFatRat, RIELL - Pride & Fear.mp3
Jun 10 00:46 : update: removing Axel Johansson - One.mp3
Jun 10 00:46 : update: removing Alan Walker, Sabrina Carpenter, Farruko - On My Way.mp3
Jun 10 00:46 : update: removing Charlie Puth, Selena Gomez - We Don't Talk Anymore (feat. Selena Gomez).mp3
Jun 10 00:46 : update: removing Axel Johansson, Tina Stachowiak - Next To Me (feat. Tina Stachowiak).mp3
Jun 10 00:46 : update: removing TheFatRat - Never Be Alone.mp3
Jun 10 00:46 : update: removing Axel Johansson, Tina Stachowiak - Miracles (feat. Tina Stachowiak).mp3
Jun 10 00:46 : update: removing TheFatRat, Laura Brehm - MAYDAY.mp3
Jun 10 00:46 : update: removing One Direction - Drag Me Down.mp3
Jun 10 00:46 : update: removing Juice WRLD - Bad Energy.mp3
Jun 10 00:46 : update: removing DJ Gotta - Jeffrey Bezos.mp3
Jun 10 00:46 : update: removing K-391, Alan Walker, Julie Bergan, SEUNGRI - Ignite (feat. SEUNGRI).mp3
Jun 10 00:46 : update: removing Henwall - I'm Coming Home.mp3
Jun 10 00:46 : update: removing Justin Bieber - Hold On.mp3
Jun 10 00:46 : update: removing Janji, Johnning - Heroes Tonight.mp3
Jun 10 00:46 : update: removing Shawn Mendes - Wonder.mp3
Jun 10 00:46 : update: removing Luis Fonsi, Daddy Yankee, Justin Bieber - Despacito - Remix.mp3
Jun 10 00:46 : update: removing SAPPHIRE - Unity (Acoustic).mp3
Jun 10 00:46 : update: removing Sia - Unstoppable.mp3
Jun 10 00:46 : update: removing Axel Johansson - The River.mp3
Jun 10 00:46 : update: removing Katy Perry - Firework.mp3
Jun 10 00:46 : update: removing Alan Walker, Imanbek - Sweet Dreams.mp3
Jun 10 00:46 : update: removing TheFatRat, Slaydit, Anjulie - Stronger.mp3
Jun 10 00:46 : update: removing Lord Huron - The Night We Met.mp3
Jun 10 00:46 : update: removing The Kid LAROI, Justin Bieber - STAY (with Justin Bieber).mp3
Jun 10 00:46 : update: removing Shawn Mendes, Camila Cabello - Señorita.mp3
Jun 10 00:46 : update: removing TheFatRat - Rise Up.mp3
Jun 10 00:46 : update: added RNB/021 - JOHNNY RAIN - SEVENTEEN.flac
Jun 10 00:46 : update: added RNB/023 - K. FOREST - REVERSE.flac
Jun 10 00:46 : update: added RNB/024 - KALIN WHITE - 'MORE THAN JUST A FUCK' - LOVE K (INTRO).flac
Jun 10 00:46 : update: added RNB/025 - MIGUEL - USE ME.flac
Jun 10 00:46 : update: added RNB/026 - MANILA GREY - FEEL LIKE WE.flac
Jun 10 00:46 : update: added RNB/027 - MANILA GREY - SILVER SKIES.flac
Jun 10 00:46 : update: added RNB/028 - NBDY - USED TO.flac
Jun 10 00:46 : update: added RNB/029 - NBDY - BATTLEZONE.flac
Jun 10 00:46 : update: added RNB/030 - NBDY - D.U.I.flac
Jun 10 00:46 : update: added RNB/031 - PARTYNEXTDOOR - JOY.flac
Jun 10 00:46 : update: added RNB/032 - PARTYNEXTDOOR - COME AND SEE ME.flac
Jun 10 00:46 : update: added RNB/033 - DRAKE - SINCE WAY BACK.flac
Jun 10 00:46 : update: added RNB/034 - PRE KAI RO - AFTERNOON.flac
Jun 10 00:46 : update: added RNB/035 - R I T U A L - JOSEPHINE.flac
Jun 10 00:46 : update: added RNB/036 - ROY WOODS - GWAN BIG UP URSELF.flac
Jun 10 00:46 : update: added RNB/037 - ROY WOODS - INSTINCT.flac
Jun 10 00:46 : update: added RNB/038 - ROY WOODS - DANGEROUS.flac
Jun 10 00:46 : update: added RNB/039 - 6LACK - GETTIN' OLD.flac
Jun 10 00:46 : update: added RNB/040 - 6LACK - PRETTY LITTLE FEARS.flac
Jun 10 00:46 : update: added RNB/041 - 6LACK - STAN.flac
Jun 10 00:46 : update: added RNB/046 - USHER - CRASH.flac
Jun 10 00:46 : update: added RNB/047 - USHER - RIVALS.flac
Jun 10 00:46 : update: added RNB/045 - THE WEEKND - THE ZONE.flac
Jun 10 00:46 : update: added RNB/043 - SHY GIRLS - SECOND HEARTBEAT.flac
Jun 10 00:46 : update: added RNB/048 - USHER - CONFESSIONS.mp3
Jun 10 00:46 : update: added RNB/049 - VANCOUVER SLEEP CLINIC - SOMEONE TO STAY.flac
Jun 10 00:46 : update: added RNB/050 - WIINSTON - ANGELINA.flac
Jun 10 00:46 : update: added RNB/051 - ANFA ROSE - INTERIORS.flac
Jun 10 00:46 : update: added RNB/052 - ANFA ROSE - TALENTED.flac
Jun 10 00:46 : update: added RNB/054 - NEVELLE VIRACOCHA - WANTED, PT. 2.flac
Jun 10 00:46 : update: added RNB/053 - SAINT JHN - SELFISH.flac
Jun 10 00:46 : update: added RNB/055 - NEVELLE VIRACOCHA - WANTED, PT. 1.flac
Jun 10 00:46 : update: added RNB/058 - YO TRANE - HIGH OFF YOU.flac
Jun 10 00:46 : update: added RNB/057 - YO TRANE - ALONE.flac
Jun 10 00:46 : update: added RNB/056 - NEVELLE VIRACOCHA - WE FOUND LOVE.flac
Jun 10 00:46 : update: added RNB/059 - SANTINO LE SAINT - MARIA DON'T CALL ME.flac
Jun 10 00:46 : update: added RNB/061 - 7AE - NERVOUS.flac
Jun 10 00:46 : update: added RNB/060 - SANTINO LE SAINT - FEEL LIKE DRUGS.flac
Jun 10 00:46 : update: added RNB/044 - SHY GIRLS - ARREST ME (NOAH BREAKFAST REMIX) [FEAT. TEI SHI].flac
Jun 10 00:46 : update: added RNB/062 - YO TRANE - MOONLIGHT.flac
Jun 10 00:46 : update: added RNB/064 - A.CHAL - INDIGO GIRL.flac
Jun 10 00:46 : update: added RNB/065 - BRIDGE - FYF.flac
Jun 10 00:46 : update: added RNB/067 - CHOKER - SUZUKI PEACHES.flac
Jun 10 00:46 : update: added RNB/066 - BRYSON TILLER - EXCHANGE.flac
Jun 10 00:46 : update: added RNB/068 - CHOKER - ARBORETUM.flac
Jun 10 00:46 : update: added RNB/069 - DARCI - THESE NIGHTS.flac
Jun 10 00:46 : update: added RNB/070 - DARCI - AT LEAST.flac
Jun 10 00:46 : update: added RNB/071 - JOHNNY RAIN - D T L A.flac
Jun 10 00:46 : update: added RNB/072 - KALIN WHITE - HOMEBODY.flac
Jun 10 00:46 : update: added RNB/074 - THE CODE - MOMENTS.flac
Jun 10 00:46 : update: added RNB/073 - CØZYBØY - I SWEAR THIS SØNG IS ABØUT EATING ØUT MY BEST FRIEND'S PUSSY.flac
Jun 10 00:46 : update: added RNB/075 - THE CODE - ABOVE WATER.flac
Jun 10 00:46 : update: added RNB/076 - THE CODE - EAST LONDON, SA.flac
Jun 10 00:46 : update: added RNB/077 - BLOOD ORANGE - YOU'RE NOT GOOD ENOUGH.flac
Jun 10 00:46 : update: added RNB/081 - JAKE HOPE - WAYS.flac
Jun 10 00:46 : update: added RNB/078 - BLOOD ORANGE - HIGH STREET.flac
Jun 10 00:46 : update: added RNB/079 - JAKE HOPE - HEARTBROKE.flac
Jun 10 00:46 : update: added RNB/082 - JAKE HOPE - WITHDRAWALS.flac
Jun 10 00:46 : update: added RNB/080 - JAKE HOPE - REASONS.flac
Jun 10 00:46 : update: added RNB/083 - DVSN - NO CRYIN.flac
Jun 10 00:46 : update: added RNB/084 - 7AE - RENDEZVOUS.flac
Jun 10 00:46 : update: added RNB/085 - 7AE - YOU.flac
Jun 10 00:46 : update: added RNB/086 - TINASHE - BATED BREATH.flac
Jun 10 00:46 : update: added RNB/087 - TINASHE - PRETEND.flac
Jun 10 00:46 : update: added RNB/089 - TINASHE - KNOW BETTER.flac
Jun 10 00:46 : update: added RNB/088 - TINASHE - LIFE'S TOO SHORT.flac
Jun 10 00:46 : update: added RNB/090 - LAUV - THERE'S NO WAY.flac
Jun 10 00:46 : update: added RNB/091 - K. FOREST - ROCK THE BOAT.flac
Jun 10 00:46 : update: added RNB/092 - WIINSTON - KILL.flac
Jun 10 00:46 : update: added RNB/094 - GOVI - BACK TO BASICS.flac
Jun 10 00:46 : update: added RNB/093 - WIINSTON - CANADA.flac
Jun 10 00:46 : update: added RNB/096 - LAUV - FUCK, I'M LONELY.flac
Jun 10 00:46 : update: added RNB/095 - LOU VAL - LEARN TO LOVE.flac
Jun 10 00:46 : update: added RNB/097 - LAUV - LONELY EYES.flac
Jun 10 00:46 : update: added RNB/098 - LAUV - I'M SO TIRED.flac
Jun 10 00:46 : update: added RNB/099 - LAUV - SAD FOREVER.flac
Jun 10 00:46 : update: added RNB/100 - BLACK ATLASS - BY MY SIDE.flac
Jun 10 00:46 : update: added RNB/101 - THE WEEKND - FAITH.flac
Jun 10 00:46 : update: added RNB/102 - THE WEEKND - HARDEST TO LOVE.flac
Jun 10 00:46 : update: added RNB/103 - THE WEEKND - SAVE YOUR TEARS.flac
Jun 10 00:46 : update: added RNB/104 - EMOTIONAL ORANGES - JUST LIKE YOU.flac
Jun 10 00:46 : update: added RNB/105 - EMOTIONAL ORANGES - HEAL MY DESIRES.flac
Jun 10 00:46 : update: added RNB/106 - SHAKER - NOWHERE.flac
Jun 10 00:46 : update: added RNB/107 - DVSN - NO GOOD.flac
Jun 10 00:46 : update: added RNB/108 - DVSN - DANGEROUS CITY.flac
Jun 10 00:46 : update: added RNB/109 - DOJA CAT - SAY SO.flac
Jun 10 00:46 : update: added RNB/110 - DOJA CAT - CYBER SEX.flac
Jun 10 00:46 : update: added RNB/112 - THE WEEKND - IN YOUR EYES (REMIX).flac
Jun 10 00:46 : update: added RNB/111 - DOJA CAT - STREETS.flac
Jun 10 00:46 : update: added RNB/113 - JOHNNY RAIN - HIGH SCHOOL.flac
Jun 10 00:46 : update: added RNB/114 - PRINCE - WHEN YOU WERE MINE.flac
Jun 10 00:46 : update: added RNB/115 - PRINCE - WAY BACK HOME.flac
Jun 10 00:46 : update: added RNB/116 - PRINCE - FALLINLOVE2NITE.flac
Jun 10 00:46 : update: added RNB/117 - PRINCE - I WOULD DIE 4 U (2015 PAISLEY PARK REMASTER).flac
Jun 10 00:46 : update: added RNB/118 - MAJOR LAZER - RUN UP.flac
Jun 10 00:46 : update: added RNB/119 - PARTYNEXTDOOR - BELIEVE IT.flac
Jun 10 00:46 : update: added RNB/120 - SHY GIRLS - WHY I LOVE.flac
Jun 10 00:46 : update: added RNB/122 - SHY GIRLS - TRIVIAL MOTION.flac
Jun 10 00:46 : update: added RNB/123 - SHY GIRLS - WHAT IF I CAN.flac
Jun 10 00:46 : update: added RNB/126 - ROY WOODS - LITTLE BIT OF LOVIN.flac
Jun 10 00:46 : update: added RNB/125 - SHY GIRLS - HEADFUCKED.flac
Jun 10 00:46 : update: added RNB/127 - ROY WOODS - TAKE TIME.flac
Jun 10 00:46 : update: added RNB/128 - ROY WOODS - TOP LEFT.flac
Jun 10 00:46 : update: added RNB/129 - ROY WOODS - BACK IT UP.flac
Jun 10 00:46 : update: added RNB/130 - ROY WOODS - WHAT ARE YOU ON_.flac
Jun 10 00:46 : update: added RNB/131 - ROY WOODS - IN THE CLUB.flac
Jun 10 00:46 : update: added RNB/132 - ROY WOODS - UNDIVIDED.flac
Jun 10 00:46 : update: added RNB/133 - MARTIN SOLVEIG - JULIET & ROMEO.flac
Jun 10 00:46 : update: added RNB/134 - USHER - FWM.flac
Jun 10 00:46 : update: added RNB/136 - ZHU - COCAINE MODEL.flac
Jun 10 00:46 : update: added RNB/135 - USHER - SHE AIN'T TELL YA.flac
Jun 10 00:46 : update: added RNB/137 - ZHU - ONLY.flac
Jun 10 00:46 : update: added RNB/138 - ZHU - HOMETOWN GIRL.flac
Jun 10 00:46 : update: added RNB/139 - LANA DEL REY - LUST FOR LIFE.flac
Jun 10 00:46 : update: added RNB/140 - PIA MIA - DO IT AGAIN.flac
Jun 10 00:46 : update: added RNB/141 - LIL UZI VERT - THE WAY LIFE GOES.flac
Jun 10 00:46 : update: added RNB/143 - ALWAYS NEVER - INTOXICATED.flac
Jun 10 00:46 : update: added RNB/144 - THE WEEKND - IS THERE SOMEONE ELSE_.flac
Jun 10 00:46 : update: added RNB/145 - AFTERTHEPARTY - LATER.flac
Jun 10 00:46 : update: added RNB/146 - ALWAYS NEVER - PATTERNS.flac
Jun 10 00:46 : update: added RNB/147 - MAJID JORDAN - STARS ALIGN (WITH DRAKE).flac
Jun 10 00:46 : update: added RNB/148 - MAJID JORDAN - WAVES OF BLUE.flac
Jun 10 00:46 : update: added RNB/150 - MAJID JORDAN - BEEN THROUGH THAT.flac
Jun 10 00:46 : update: added RNB/149 - MAJID JORDAN - FORGET ABOUT THE PARTY.flac
Jun 10 00:46 : update: added RNB/151 - MAJID JORDAN - LIFE WORTH LIVING.flac
Jun 10 00:46 : update: added RNB/152 - MAJID JORDAN - SWEET.flac
Jun 10 00:46 : update: added RNB/153 - MANILA GREY - BACKHOUSE BALLIN'.flac
Jun 10 00:46 : update: added RNB/154 - NBDY - SITUATIONSHIP.flac
Jun 10 00:46 : update: added RNB/155 - TINASHE - 2 ON.flac
Jun 10 00:46 : update: added RNB/156 - THEY. - WHAT I KNOW NOW.flac
Jun 10 00:46 : update: added RNB/157 - JOSH GOLDEN - HEAVEN COME.flac
Jun 10 00:46 : update: added RNB/158 - JOSH GOLDEN - USED TO.flac
Jun 10 00:46 : update: added RNB/159 - KYLE - BUT CHA.flac
Jun 10 00:46 : update: added RNB/160 - JOSH GOLDEN - NIGHTS LIKE THIS.flac
Jun 10 00:46 : update: added RNB/161 - JOSH GOLDEN - ROCKSTAR.flac
Jun 10 00:46 : update: added RNB/163 - JOSH GOLDEN - HAPPYSAD.flac
Jun 10 00:46 : update: added RNB/162 - WITT LOWRY - PUT ME FIRST.flac
Jun 10 00:46 : update: added RNB/164 - JANINE - CRYING IN THE CLUB.flac
Jun 10 00:46 : update: added RNB/165 - JANINE - BEST THING.flac
Jun 10 00:46 : update: added RNB/166 - COTIS - REASONS.flac
Jun 10 00:46 : update: added RNB/167 - COTIS - PHONE LIGHT UP.flac
Jun 10 00:46 : update: added RNB/168 - DARCI - TAKE IT BACK.flac
Jun 10 00:46 : update: added RNB/169 - ANDERS - DECEMBER.flac
Jun 10 00:46 : update: added RNB/170 - DIMI - WHEN YOU'RE LONELY.flac
Jun 10 00:46 : update: added RNB/171 - ANDERS - PROBLEMS.flac
Jun 10 00:46 : update: added RNB/172 - KIIARA - DOPEMANG.flac
Jun 10 00:46 : update: added RNB/022 - K. FOREST - NON-INTENTIONAL.flac
Jun 10 00:46 : update: added RNB/020 - JOHNNY RAIN - I DO.flac
Jun 10 00:46 : update: added RNB/013 - BLOOD ORANGE - CHOSEN.flac
Jun 10 00:46 : update: added RNB/002 - DVSN - CONVERSATIONS IN A DINER.flac
Jun 10 00:46 : update: added RNB/001 - DVSN - BODY SMILE.flac
Jun 10 00:46 : update: added RNB/012 - BRENT FAIYAZ - LOVELY.flac
Jun 10 00:46 : update: added RNB/003 - DVSN - MISS ME_.flac
Jun 10 00:46 : update: added RNB/010 - BLACK ATLASS - SHADOWS.flac
Jun 10 00:46 : update: added RNB/011 - BLACK ATLASS - MY LIFE.flac
Jun 10 00:46 : update: added RNB/008 - ALWAYS NEVER - FEEL IT.flac
Jun 10 00:46 : update: added RNB/009 - BLACK ATLASS - BURNING MAN.flac
Jun 10 00:46 : update: added RNB/004 - DVSN - IN BETWEEN.flac
Jun 10 00:46 : update: added RNB/014 - BLOOD ORANGE - TIME WILL TELL.flac
Jun 10 00:46 : update: added RNB/015 - CHOKER - LUSH.flac
Jun 10 00:46 : update: added RNB/016 - 11_11 - YOU.flac
Jun 10 00:46 : update: added RNB/017 - 11_11 - HOME.flac
Jun 10 00:46 : update: added RNB/018 - 11_11 - ALL YEAR.flac
Jun 10 00:46 : update: added RNB/019 - FRANCIS AND THE LIGHTS - I WON'T LIE TO YOU.flac
Jun 10 00:46 : update: added K-POP/027 - TWICE - THE FEELS.flac
Jun 10 00:46 : update: added K-POP/028 - ROCKET PUNCH - I WANT U BAD.flac
Jun 10 00:46 : update: added K-POP/010 - TWICE - STAY BY MY SIDE.flac
Jun 10 00:46 : update: added K-POP/007 - TWICE - L.O.V.E.flac
Jun 10 00:46 : update: added K-POP/008 - TWICE - ONE MORE TIME.flac
Jun 10 00:46 : update: added K-POP/002 - TWICE - WHAT IS LOVE.flac
Jun 10 00:46 : update: added K-POP/003 - TWICE - YES OR YES.flac
Jun 10 00:46 : update: added K-POP/004 - TWICE - DANCE THE NIGHT AWAY.flac
Jun 10 00:46 : update: added K-POP/005 - TWICE - CHEER UP.flac
Jun 10 00:46 : update: added K-POP/001 - TWICE - FANCY.flac
Jun 10 00:46 : update: added K-POP/009 - TWICE - SAY YOU LOVE ME.flac
Jun 10 00:46 : update: added K-POP/006 - TWICE - HEART SHAKER.flac
Jun 10 00:46 : update: added K-POP/011 - WEKI MEKI - CRUSH.flac
Jun 10 00:46 : update: added K-POP/012 - BTS - BOY WITH LUV.flac
Jun 10 00:46 : update: added K-POP/013 - BTS - EUPHORIA.flac
Jun 10 00:46 : update: added K-POP/014 - BTS - FAKE LOVE.flac
Jun 10 00:46 : update: added K-POP/015 - BTS - I'M FINE.flac
Jun 10 00:46 : update: added K-POP/016 - BTS - JAMAIS VU.flac
Jun 10 00:46 : update: added K-POP/017 - BTS - MAGIC SHOP.flac
Jun 10 00:46 : update: added K-POP/018 - BTS - MAKE IT RIGHT.flac
Jun 10 00:46 : update: added K-POP/019 - BTS - MIKROKOSMOS.flac
Jun 10 00:46 : update: added K-POP/020 - SAFE - RED LIGHT.flac
Jun 10 00:46 : update: added K-POP/021 - BTS - SPRING DAY.flac
Jun 10 00:46 : update: added K-POP/022 - TWICE - FEEL SPECIAL.flac
Jun 10 00:46 : update: added K-POP/023 - TWICE - MORE & MORE.flac
Jun 10 00:46 : update: added K-POP/024 - TWICE - KURA KURA.flac
Jun 10 00:46 : update: added K-POP/025 - TWICE - CONVERSATION.flac
Jun 10 00:46 : update: added K-POP/026 - TWICE - SOS.flac
Jun 10 00:46 : update: added K-POP/029 - ROCKET PUNCH - RING RING.flac
Jun 10 00:46 : update: added K-POP/030 - ROCKET PUNCH - BUBBLE UP！.flac
Jun 10 00:46 : update: added K-POP/031 - JEON SOMI - ANYMORE.flac
Jun 10 00:46 : update: added K-POP/032 - JEON SOMI - WHAT YOU WAITING FOR.flac
Jun 10 00:46 : update: added K-POP/033 - JEON SOMI - DUMB DUMB.flac
Jun 10 00:46 : update: added K-POP/034 - FROMIS_9 - GLASS SHOES (MAMA VER.).flac
Jun 10 00:46 : update: added K-POP/035 - FROMIS_9 - PINOCCHIO.flac
Jun 10 00:46 : update: added K-POP/036 - FROMIS_9 - FIRST LOVE.flac
Jun 10 00:46 : update: added K-POP/037 - FROMIS_9 - 22CENTURY GIRL.flac
Jun 10 00:46 : update: added K-POP/038 - FROMIS_9 - THINK OF YOU.flac
Jun 10 00:46 : update: added K-POP/039 - FROMIS_9 - LOVE RUMPUMPUM.flac
Jun 10 00:46 : update: added K-POP/040 - FROMIS_9 - MULGOGI.flac
Jun 10 00:46 : update: added K-POP/041 - FROMIS_9 - WEATHER.flac
Jun 10 00:46 : update: added K-POP/042 - FROMIS_9 - TO HEART.flac
Jun 10 00:46 : update: added K-POP/043 - FROMIS_9 - AIRPLANE MODE.flac
Jun 10 00:46 : update: added K-POP/044 - FROMIS_9 - PITAPAT (DKDK).flac
Jun 10 00:46 : update: added K-POP/045 - FROMIS_9 - TALK & TALK.flac
Jun 10 00:46 : update: added K-POP/046 - FROMIS_9 - LOVE BOMB.flac
Jun 10 00:46 : update: added K-POP/047 - JEON SOMI - XOXO.flac
Jun 10 00:46 : update: added K-POP/048 - ROCKET PUNCH - SUMMER PUNCH!.flac
Jun 10 00:46 : update: added K-POP/049 - LOOΠΔ - NOT FRIENDS ORIGINAL MIX.flac
Jun 10 00:46 : update: added K-POP/050 - LOOΠΔ - HULA HOOP.flac
Jun 10 00:46 : update: added K-POP/051 - LOOΠΔ - WHERE YOU AT.flac
Jun 10 00:46 : update: added K-POP/052 - LOOΠΔ - STYLISH.flac
Jun 10 00:46 : update: added K-POP/053 - LOOΠΔ - HI HIGH.flac
Jun 10 00:46 : update: added K-POP/054 - LOOΠΔ - DANCE ON MY OWN.flac
Jun 10 00:46 : update: added K-POP/055 - LOOΠΔ - WHY NOT_.flac
Jun 10 00:46 : update: added K-POP/056 - LOOΠΔ - UNIVERSE.flac
Jun 10 00:46 : update: added K-POP/057 - LOOΠΔ - STAR (VOICE ENGLISH VER.).flac
Jun 10 00:46 : update: added K-POP/058 - IZ_ONE - WAITING.flac
Jun 10 00:46 : update: added K-POP/059 - IZ_ONE - SHY BOY.flac
Jun 10 00:46 : update: added K-POP/060 - IZ_ONE - DREAMLIKE.flac
Jun 10 00:46 : update: added K-POP/061 - OH MY GIRL - CLOSER.flac
Jun 10 00:46 : update: added K-POP/062 - WEEEKLY - AFTER SCHOOL.flac
Jun 10 00:46 : update: added K-POP/063 - WEEEKLY - MEMORIES OF SUMMER RAIN.flac
Jun 10 00:46 : update: added K-POP/064 - WEEEKLY - HELLO.flac
Jun 10 00:46 : update: added K-POP/065 - WEEEKLY - TOP SECRET.flac
Jun 10 00:46 : update: added K-POP/066 - STAYC - SO BAD.flac
Jun 10 00:46 : update: added K-POP/067 - STAYC - SO WHAT.flac
Jun 10 00:46 : update: added K-POP/069 - BRAVE GIRLS - ROLLIN'.flac
Jun 10 00:46 : update: added K-POP/070 - BRAVE GIRLS - CHI MAT BA RAM.flac
Jun 10 00:46 : update: added K-POP/072 - BRAVE GIRLS - WE RIDE.flac
Jun 10 00:46 : update: added K-POP/073 - BRAVE GIRLS - CHI MAT BA RAM (ENG VER.).flac
Jun 10 00:46 : update: added K-POP/076 - BRAVE GIRLS - POOL PARTY.flac
Jun 10 00:46 : update: added K-POP/078 - BRAVE GIRLS - 변했어.flac
Jun 10 00:46 : update: added K-POP/079 - BRAVE GIRLS - DON'T RUSH.flac
Jun 10 00:46 : update: added K-POP/082 - YUKIKA - USAGI.flac
Jun 10 00:46 : update: added K-POP/083 - YUKIKA - KANSUI-ROLLER.flac
Jun 10 00:46 : update: added K-POP/084 - EYEDI - CAFFEINE.flac
Jun 10 00:46 : update: added K-POP/086 - EYEDI - J.US.T.flac
Jun 10 00:46 : update: added K-POP/085 - EYEDI - & NEW.flac
Jun 10 00:46 : update: added K-POP/087 - EYEDI - BEST MISTAKE (K).flac
Jun 10 00:46 : update: added K-POP/088 - EYEDI - TYPE (K).flac
Jun 10 00:46 : update: added K-POP/089 - EYEDI - LUV HIGHWAY.flac
Jun 10 00:46 : update: added K-POP/090 - YOUNHA - WINTER FLOWER(FEAT.RM).flac
Jun 10 00:46 : update: added K-POP/092 - DREAMCATCHER - ALLDAYLONG.flac
Jun 10 00:46 : update: added K-POP/098 - DIA - WOOWOO.flac
Jun 10 00:46 : update: added K-POP/099 - OH MY GIRL - DOLPHIN.flac
Jun 10 00:46 : update: added K-POP/100 - CHERRY BULLET - LOVE SO SWEET.flac
Jun 10 00:46 : update: added K-POP/101 - CHERRY BULLET - FOLLOW ME.flac
Jun 10 00:46 : update: added K-POP/102 - CHERRY BULLET - KEEP YOUR HEAD UP.flac
Jun 10 00:46 : update: added K-POP/103 - CHERRY BULLET - WHATEVER.flac
Jun 10 00:46 : update: added K-POP/104 - CHERRY BULLET - TING-A-RING-A-RING.flac
Jun 10 00:46 : update: added K-POP/105 - AESPA - NEXT LEVEL.flac
Jun 10 00:46 : update: added K-POP/106 - ITZY - IN THE MORNING.flac
Jun 10 00:46 : update: added K-POP/113 - EVERGLOW - ADIOS.flac
Jun 10 00:46 : update: added K-POP/107 - ROSÉ - ON THE GROUND.flac
Jun 10 00:46 : update: added K-POP/112 - EVERGLOW - LA DI DA.flac
Jun 10 00:46 : update: added K-POP/111 - EVERGLOW - DUN DUN.flac
Jun 10 00:46 : update: added K-POP/110 - EVERGLOW - BON BON CHOCOLAT.flac
Jun 10 00:46 : update: added K-POP/108 - STAYC - ASAP.flac
Jun 10 00:46 : update: added K-POP/109 - AESPA - DREAMS COME TRUE.flac
Jun 10 00:46 : update: added K-POP/114 - EVERGLOW - PIRATE.flac
Jun 10 00:46 : update: added K-POP/116 - EVERGLOW - HUSH.flac
Jun 10 00:46 : update: added K-POP/115 - EVERGLOW - FIRST.flac
Jun 10 00:46 : update: added K-POP/117 - EVERGLOW - NO LIE.flac
Jun 10 00:46 : update: added K-POP/118 - EVERGLOW - NO GOOD REASON.flac
Jun 10 00:46 : update: added K-POP/119 - EVERGLOW - BACK TOGETHER.flac
Jun 10 00:46 : update: added K-POP/120 - EVERGLOW - YOU DON'T KNOW ME.flac
Jun 10 00:46 : update: added K-POP/121 - EVERGLOW - PROMISE (FOR UNICEF PROMISE CAMPAIGN).flac
Jun 10 00:46 : update: added K-POP/123 - BVNDIT - DRAMATIC.flac
Jun 10 00:46 : update: added K-POP/124 - ROCKET PUNCH - LILAC.flac
Jun 10 00:46 : update: added K-POP/128 - ROCKET PUNCH - BOUNCY.flac
Jun 10 00:46 : update: added K-POP/129 - HOT ISSUE - ICONS.flac
Jun 10 00:46 : update: added K-POP/130 - HOT ISSUE - GRATATA.flac
Jun 10 00:46 : update: added K-POP/131 - HOT ISSUE - HOT CANDY.flac
Jun 10 00:46 : update: added K-POP/132 - HOT ISSUE - HIDE IN THE DARK.flac
Jun 10 00:46 : update: added K-POP/134 - WOO!AH! - I DON’T MISS U.flac
Jun 10 00:46 : update: added K-POP/133 - ROCKET PUNCH - JUICY.flac
Jun 10 00:46 : update: added K-POP/135 - STAYC - I’LL BE THERE.flac
Jun 10 00:46 : update: added K-POP/137 - WJSN - AS YOU WISH.flac
Jun 10 00:46 : update: added K-POP/139 - OH MY GIRL - DUN DUN DANCE.flac
Jun 10 00:46 : update: added K-POP/140 - WEKI MEKI - SIESTA.flac
Jun 10 00:46 : update: added K-POP/141 - WEKI MEKI - 100 FACTS (COOL ENG. VER.).flac
Jun 10 00:46 : update: added K-POP/142 - WEKI MEKI - MOYA MOYA.flac
Jun 10 00:46 : update: added K-POP/143 - WEKI MEKI - WHATEVER U WANT.flac
Jun 10 00:46 : update: added K-POP/144 - WEKI MEKI - DEAR.flac
Jun 10 00:46 : update: added K-POP/145 - CHUNG HA - KILLING ME.flac
Jun 10 00:46 : update: added K-POP/146 - SOYOU - PARADISE.flac
Jun 10 00:46 : update: added K-POP/147 - ITZY - CHILLIN' CHILLIN'.flac
Jun 10 00:46 : update: added K-POP/148 - COTTON CANDY - HONEST.flac
Jun 10 00:46 : update: added K-POP/149 - TAEYEON - WEEKEND.flac
Jun 10 00:46 : update: added K-POP/150 - SEJEONG - SWIM AWAY.flac
Jun 10 00:46 : update: added K-POP/151 - LOOΠΔ - FROZEN.flac
Jun 10 00:46 : update: added K-POP/152 - TWICE - SCIENTIST.flac
Jun 10 00:46 : update: added K-POP/153 - DIA - WILL YOU GO OUT WITH ME.flac
Jun 10 00:46 : update: added K-POP/154 - APINK - DUMHDURUM.flac
Jun 10 00:46 : update: added K-POP/155 - YOUHA - ISLAND.flac
Jun 10 00:46 : update: added K-POP/156 - LABOUM - 상상더하기.flac
Jun 10 00:46 : update: added K-POP/157 - YOUHA - ABITTIPSY.flac
Jun 10 00:46 : update: added K-POP/158 - MOMOLAND - WRAP ME IN PLASTIC.flac
Jun 10 00:46 : update: added K-POP/159 - BOYS WORLD - TOUCHED BY AN ANGEL.flac
Jun 10 00:46 : update: added K-POP/160 - WEKI MEKI - COOL.flac
Jun 10 00:46 : update: added K-POP/162 - EVERGLOW - DON′T ASK DON′T TELL.flac
Jun 10 00:46 : update: added K-POP/163 - 3YE - STALKER.flac
Jun 10 00:46 : update: added K-POP/164 - WJSN - UNNATURAL.flac
Jun 10 00:46 : update: added K-POP/165 - AESPA - SAVAGE.flac
Jun 10 00:46 : update: added K-POP/169 - CIGNATURE - BOYFRIEND.flac
Jun 10 00:46 : update: added K-POP/170 - CIGNATURE - ASSA.flac
Jun 10 00:46 : update: added K-POP/171 - SATURDAY - BBYONG.flac
Jun 10 00:46 : update: added K-POP/172 - SUNMI - YOU CAN'T SIT WITH US.flac
Jun 10 00:46 : update: added K-POP/173 - IU - STRAWBERRY MOON.flac
Jun 10 00:46 : update: added K-POP/174 - LEEHI - RED LIPSTICK.flac
Jun 10 00:46 : update: added K-POP/175 - RAIDEN - THE ONLY.flac
Jun 10 00:46 : update: added K-POP/176 - SUNMI - PPORAPPIPPAM 보라빛 밤.flac
Jun 10 00:46 : update: added K-POP/177 - BLACKPINK - PLAYING WITH FIRE.flac
Jun 10 00:46 : update: added K-POP/179 - ITZY - WANNABE.flac
Jun 10 00:46 : update: added K-POP/181 - YONG YONG - RAIN STAR __・ﾟ.flac
Jun 10 00:46 : update: added K-POP/182 - BLACKPINK - LOVESICK GIRLS.flac
Jun 10 00:46 : update: added K-POP/184 - LABOUM - HWI HWI.flac
Jun 10 00:46 : update: added K-POP/185 - DIA - WILL YOU GO OUT WITH ME.flac
Jun 10 00:46 : update: added K-POP/188 - BVNDIT - DUMB.flac
Jun 10 00:46 : update: added K-POP/189 - FROMIS_9 - WE GO.flac
Jun 10 00:46 : update: added K-POP/190 - FROMIS_9 - FUN!.flac
Jun 10 00:46 : update: added K-POP/191 - FROMIS_9 - FEEL GOOD (SECRET CODE).flac
Jun 10 00:46 : update: added K-POP/192 - FROMIS_9 - GLASS SHOES.flac
Jun 10 00:46 : update: added K-POP/193 - YOUHA - CHERRY ON TOP.flac
Jun 10 00:46 : update: added K-POP/194 - APOKI - GET IT OUT.flac
Jun 10 00:46 : update: added K-POP/195 - (G)I-DLE - LAST DANCE.flac
Jun 10 00:46 : update: added K-POP/198 - G-REYISH - BREATH;(BLOOD NIGHT) (KOREAN VERSION).flac
Jun 10 00:46 : update: added K-POP/196 - WJSN THE BLACK - KISS YOUR LIPS.flac
Jun 10 00:46 : update: added K-POP/199 - WEEEKLY - BOOM CHI KI.flac
Jun 10 00:46 : update: added K-POP/200 - YENA - SMILEY.flac
Jun 10 00:46 : update: added K-POP/201 - FROMIS_9 - ESCAPE ROOM.flac
Jun 10 00:46 : update: added K-POP/202 - FROMIS_9 - DM.flac
Jun 10 00:46 : update: added K-POP/203 - FROMIS_9 - LOVE IS AROUND.flac
Jun 10 00:46 : update: added K-POP/205 - FROMIS_9 - 0G.flac
Jun 10 00:46 : update: added K-POP/204 - FROMIS_9 - HUSH HUSH.flac
Jun 10 00:46 : update: added K-POP/206 - JUN HYO SEONG - STARLIGHT.flac
Jun 10 00:46 : update: added K-POP/207 - LIGHTSUM - VANILLA.flac
Jun 10 00:46 : update: added K-POP/208 - NATURE - ALLEGRO CANTABILE.flac
Jun 10 00:46 : update: added K-POP/209 - SECRET NUMBER - FIRE SATURDAY.flac
Jun 10 00:46 : update: added K-POP/210 - MAMAMOO - MUMUMUMUCH.flac
Jun 10 00:46 : update: added K-POP/212 - BERRYGOOD - ACCIO.flac
Jun 10 00:46 : update: added K-POP/213 - YESEO - BETTER ME.flac
Jun 10 00:46 : update: added K-POP/214 - YOUHA - ICE T.flac
Jun 10 00:46 : update: added K-POP/216 - BERRYGOOD - TIME FOR ME.flac
Jun 10 00:46 : update: added K-POP/219 - MAJORS - DANCING IN THE STARLIT NIGHT.flac
Jun 10 00:46 : update: added K-POP/218 - BLACKPINK - LOVESICK GIRLS.flac
Jun 10 00:46 : update: added K-POP/220 - MAJORS - SPIT IT OUT.flac
Jun 10 00:46 : update: added K-POP/223 - 張楚寒 - BESTEST FRIENDS.flac
Jun 10 00:46 : update: added K-POP/226 - YEZI - HOME.flac
Jun 10 00:46 : update: added K-POP/225 - ROCKET PUNCH - CHIQUITA.flac
Jun 10 00:46 : update: added K-POP/227 - MIRANI - DAISY.flac
Jun 10 00:46 : update: added K-POP/229 - CL - TIE A CHERRY.flac
Jun 10 00:46 : update: added K-POP/230 - HYOLYN - YOUKNOWBETTER 니가 더 잘 알잖아.flac
Jun 10 00:46 : update: added K-POP/071 - BRAVE GIRLS - AFTER WE RIDE.flac
Jun 10 00:46 : update: added TRANCE/UPLIFTING/031 - ATB - WHEN IT ENDS IT STARTS AGAIN.flac
Jun 10 00:46 : update: added TRANCE/UPLIFTING/024 - PAUL OAKENFOLD & DISFUNKTION FEAT. SPITFIRE - BEAUTIFUL WORLD (RADIO EDIT).flac
Jun 10 00:46 : update: added TRANCE/UPLIFTING/005 - BRYN LIEDL - STATUES (BRYAN KEARNEY RADIO MIX).flac
Jun 10 00:46 : update: added TRANCE/UPLIFTING/033 - ALY & FILA MEET ROGER SHAH FEAT. ADRINA THORPE - PERFECT LOVE (RADIO EDIT).mp3
Jun 10 00:46 : update: added TRANCE/UPLIFTING/027 - SEVEN LIONS - DON’T LEAVE.flac
Jun 10 00:46 : update: added TRANCE/UPLIFTING/029 - SEVEN LIONS - STRANGERS.flac
Jun 10 00:46 : update: added TRANCE/UPLIFTING/003 - ANTILLAS - SILENCED.flac
Jun 10 00:46 : update: added TRANCE/UPLIFTING/001 - SUSPECT 44 - HERE RIGHT NOW (ASOT 722) (ORIGINAL MIX).flac
Jun 10 00:46 : update: added TRANCE/UPLIFTING/028 - SEVEN LIONS - WORLDS APART.flac
Jun 10 00:46 : update: added TRANCE/UPLIFTING/034 - ANDREW RAYEL - ONE IN A MILLION (ALBUM MIX).flac
Jun 10 00:46 : update: added TRANCE/UPLIFTING/035 - ANDREW RAYEL - MIRACLES (ALBUM MIX).flac
Jun 10 00:46 : update: added TRANCE/UPLIFTING/041 - COSMIC GATE - CALM DOWN (OMNIA REMIX).flac
Jun 10 00:46 : update: added TRANCE/UPLIFTING/040 - HEADSTRONG - LOVE UNTIL IT HURTS (AUROSONIC PROGRESSIVE MIX).mp3
Jun 10 00:46 : update: added TRANCE/UPLIFTING/043 - RONSKI SPEED AND STONEFACE & TERMINAL FEAT. JOHANNA - I DIDN'T KNOW I WAS LOOKING FOR LOVE (MAISON & DRAGEN RADIO EDIT).mp3
Jun 10 00:46 : update: added TRANCE/UPLIFTING/044 - SHOGUN - DRAGON (RADIO EDIT).flac
Jun 10 00:46 : update: added TRANCE/UPLIFTING/047 - SIMON PATTERSON - HERE & NOW (RADIO EDIT).flac
Jun 10 00:46 : update: added TRANCE/UPLIFTING/045 - SHOGUN - METEOR.flac
Jun 10 00:46 : update: added TRANCE/UPLIFTING/050 - ORJAN NILSEN FEAT. NATALIE PERIS - SAINT OUT OF ME.flac
Jun 10 00:46 : update: added TRANCE/UPLIFTING/051 - ORJAN NILSEN FEAT. CHRISTINA NOVELLI - HURRICANE.flac
Jun 10 00:46 : update: added TRANCE/UPLIFTING/052 - ORJAN NILSEN FEAT. ADAM YOUNG - IN THE AIR.flac
Jun 10 00:46 : update: added TRANCE/UPLIFTING/053 - ORJAN NILSEN & JONATHAN MENDELSOHN - APART.flac
Jun 10 00:46 : update: added TRANCE/UPLIFTING/054 - FULL TILT FEAT. DEIRDRE MC LAUGHLIN - CALLING MY NAME.mp3
Jun 10 00:46 : update: added TRANCE/UPLIFTING/057 - GIUSEPPE OTTAVIANI & BETSIE LARKIN - TOYS (RADIO MIX).mp3
Jun 10 00:46 : update: added TRANCE/UPLIFTING/059 - PAUL VAN DYK - I DON'T DESERVE YOU (GIUSEPPE OTTAVIANI REMIX).mp3
Jun 10 00:46 : update: added TRANCE/UPLIFTING/058 - SOMNA - BECAUSE YOU'RE HERE (RADIO EDIT).flac
Jun 10 00:46 : update: added TRANCE/UPLIFTING/069 - ARMIN VAN BUUREN - ALONE.flac
Jun 10 00:46 : update: added TRANCE/UPLIFTING/068 - ARMIN VAN BUUREN - THIS IS WHAT IT FEELS LIKE.flac
Jun 10 00:46 : update: added TRANCE/UPLIFTING/067 - ARMIN VAN BUUREN - YOUTOPIA.mp3
Jun 10 00:46 : update: added TRANCE/UPLIFTING/060 - MARKUS SCHULZ - DESTINY (RADIO EDIT).flac
Jun 10 00:46 : update: added TRANCE/UPLIFTING/064 - EMMA HEWITT - THESE DAYS ARE OURS (ANTILLAS & DANKANN RADIO EDIT).mp3
Jun 10 00:46 : update: added TRANCE/UPLIFTING/070 - ARMIN VAN BUUREN - FOREVER IS OURS.flac
Jun 10 00:46 : update: added TRANCE/UPLIFTING/073 - ARMIN VAN BUUREN - ANOTHER YOU (RADIO EDIT).flac
Jun 10 00:46 : update: added TRANCE/UPLIFTING/084 - AUDIEN FEAT. RUBY PROPHET - THESE ARE THE DAYS (RADIO EDIT).mp3
Jun 10 00:46 : update: added TRANCE/UPLIFTING/075 - ARMIN VAN BUUREN - BURNED WITH DESIRE (RISING STAR REMIX).flac
Jun 10 00:46 : update: added TRANCE/UPLIFTING/090 - TYDI - REDEFINED.flac
Jun 10 00:46 : update: added TRANCE/UPLIFTING/094 - DASH BERLIN FEAT. CHRIS MADIN - SILENCE IN YOUR HEART (ANTILLAS RADIO EDIT).mp3
Jun 10 00:46 : update: added TRANCE/<3/03 - ANDY MOOR - ALL GONE (RAM UPLIFTING RADIO EDIT).flac
Jun 10 00:46 : update: added TRANCE/<3/05 - GARETH EMERY - TAKE EVERYTHING (STANDERWICK REMIX).flac
Jun 10 00:46 : update: added TRANCE/<3/04 - ARMIN VAN BUUREN - BREATHE IN DEEP.flac
Jun 10 00:46 : update: added TRANCE/<3/10 - ANDAIN - BEAUTIFUL THINGS (FADY & MINA REMIX).flac
Jun 10 00:46 : update: added TRANCE/<3/02 - BEN GOLD - STAY (SNEIJDER REMIX).flac
Jun 10 00:46 : update: added TRANCE/<3/08 - SHOGUN FEAT. EMMA LOCK - RUN TO MY RESCUE.mp3
Jun 10 00:46 : update: added TRANCE/<3/07 - RICHARD DURAND - SAVE YOU.flac
Jun 10 00:46 : update: added TRANCE/<3/09 - ARMIN VAN BUUREN - THIS I VOW.flac
Jun 10 00:46 : update: added TRANCE/<3/01 - MARK SIXMA - MISSING (MIXED).flac
Jun 10 00:46 : update: added TRANCE/<3/06 - ANTILLAS - DAMAGED (GXD REMIX).flac
Jun 10 00:46 : update: added TRANCE/<3/11 - EMMA HEWITT - RESTLESS HEARTS (RADIO EDIT).flac
Jun 10 00:46 : update: added TRANCE/<3/12 - GARETH EMERY - CONCRETE ANGEL (RAM RADIO EDIT).flac
Jun 10 00:46 : update: added TRANCE/<3/13 - SHOGUN FEAT. TANIA ZYGAR - FIND ME (RADIO EDIT).flac
Jun 10 00:46 : update: added TRANCE/<3/14 - DANNY CULLEN - WHEREVER YOU GO (EXIMINDS REMIX).flac
Jun 10 00:46 : update: added TRANCE/<3/15 - BEN GOLD - THE CITY SLEEPS TONIGHT.flac
Jun 10 00:46 : update: added TRANCE/<3/16 - KEY4050 - I LOVE YOU.flac
Jun 10 00:46 : update: added TRANCE/<3/17 - PAUL VAN DYK - I DON'T DESERVE YOU (GIUSEPPE OTTAVIANI REMIX).mp3
Jun 10 00:46 : update: added TRANCE/<3/18 - ALY & FILA - SOMEBODY LOVES YOU.flac
Jun 10 00:46 : update: added TRANCE/<3/19 - MARLO - SAY HELLO (ASOT 985) (DARREN PORTER REMIX).flac
Jun 10 00:46 : update: added TRANCE/<3/20 - MARLO - LIGHTER THAN AIR.flac
Jun 10 00:46 : update: added TRANCE/<3/21 - SMR LVE - SANCTUARY (ASOT 956) (DANIEL KANDI REMIX).flac
Jun 10 00:46 : update: added TRANCE/<3/22 - ANA CRIADO - BORDER LINE.flac
Jun 10 00:46 : update: added TRANCE/<3/23 - STANDERWICK - ANOTHER LIFE.flac
Jun 10 00:46 : update: added TRANCE/<3/24 - GARETH EMERY - HANDS (CHRIS METCALFE RADIO EDIT).flac
Jun 10 00:46 : update: added TRANCE/<3/26 - ARMIN VAN BUUREN - WAITING FOR THE NIGHT.flac
Jun 10 00:46 : update: added TRANCE/<3/27 - ANTILLAS - SILENCED.flac
Jun 10 00:46 : update: added TRANCE/<3/28 - ROMAN MESSER - FROZEN (RADIO EDIT).flac
Jun 10 00:46 : update: added TRANCE/<3/29 - OMNIA - FOR THE FIRST TIME (RADIO EDIT).flac
Jun 10 00:46 : update: added TRANCE/<3/30 - LTN - HOLD ON TO YOUR HEART (DANIEL KANDI REMIX).flac
Jun 10 00:46 : update: added TRANCE/<3/31 - NICHOLAS GUNN - FALLEN (RICHARD DURAND REMIX).flac
Jun 10 00:46 : update: added TRANCE/<3/32 - LUKE BOND - WALK AWAY.flac
Jun 10 00:46 : update: added TRANCE/<3/33 - GXD - SAIL.flac
Jun 10 00:46 : update: added TRANCE/<3/34 - HALIENE - WALK THROUGH WALLS (MARLO REMIX).flac
Jun 10 00:46 : update: added TRANCE/<3/36 - GHOST ETIQUETTE - NEEDED YOU (SAM LAXTON REMIX).flac
Jun 10 00:46 : update: added TRANCE/<3/35 - MARLO - THIS WAY (RADIO EDIT).flac
Jun 10 00:46 : update: added TRANCE/<3/39 - MARK SIXMA - SOMEBODY ELSE INSTEAD (ASOT 1009) (FISHERMAN FESTIVAL MIX).flac
Jun 10 00:46 : update: added TRANCE/<3/40 - SUPER8 & TAB - SEPTEMBER (ASOT 1009).flac
Jun 10 00:46 : update: added TRANCE/<3/38 - MARATONE - CLOSER TO YOU (LASSE MACBETH REMIX).flac
Jun 10 00:46 : update: added TRANCE/<3/37 - SEVEN LIONS - WORLDS APART (SEVEN LIONS 1999 REMIX).flac
Jun 10 00:46 : update: added TRANCE/<3/41 - GARETH EMERY - YOU'LL BE OK (ASOT 1010) (JORN VAN DEYNHOVEN REMIX).flac
Jun 10 00:46 : update: added TRANCE/<3/42 - LUKE BOND - LAST GOODBYE (ASOT 1023).flac
Jun 10 00:46 : update: added TRANCE/<3/44 - ARMIN VAN BUUREN - SHOULD I WAIT (ARMIN VAN BUUREN PRESENTS RISING STAR REMIX).flac
Jun 10 00:46 : update: added TRANCE/<3/43 - ALEX KUNNARI - ALWAYS BE MY FRIEND (ASOT 1017).flac
Jun 10 00:46 : update: added TRANCE/<3/45 - ALESSO - LEAVE A LITTLE LOVE (CLUB MIX).flac
Jun 10 00:46 : update: added TRANCE/<3/46 - NICHOLAS GUNN - BROKEN (ASOT 1026) (GIUSEPPE OTTAVIANI REMIX).flac
Jun 10 00:46 : update: added TRANCE/<3/47 - PETER MARTIJN WIJNIA - WHO WILL FIND ME IN THE END (MIXED) (ARMIN VAN BUUREN MASH UP).flac
Jun 10 00:46 : update: added TRANCE/<3/48 - RUBEN DE RONDE - LOSE YOURSELF (ASOT 1030) (HUEM REMIX).flac
Jun 10 00:46 : update: added TRANCE/<3/49 - RICHARD DURAND - MADE OF STONE (ASOT 1031).flac
Jun 10 00:46 : update: added TRANCE/<3/50 - SUNYELLA - PARADISE (ASOT 1031).flac
Jun 10 00:46 : update: added TRANCE/<3/51 - ROMAN MESSER - THE RIVER (ASOT 1022) [FUTURE FAVORITE].flac
Jun 10 00:46 : update: added TRANCE/<3/52 - GIUSEPPE OTTAVIANI - BEAUTIFUL (ASOT 1022).flac
Jun 10 00:46 : update: added TRANCE/<3/53 - KOSMONOVA - MISSIN YOU (ASOT 1011) (TALLA 2XLC REMIX).flac
Jun 10 00:46 : update: added TRANCE/<3/54 - ARMIN VAN BUUREN - HOLD ON (CLUB MIX).flac
Jun 10 00:46 : update: added TRANCE/<3/55 - TRITONAL - OUT OF THE DARK (ASOT 1035).flac
Jun 10 00:46 : update: added TRANCE/<3/56 - CHRISTINA NOVELLI - MY GUIDING LIGHT (ASOT 1035).flac
Jun 10 00:46 : update: added TRANCE/<3/57 - ILAN BLUESTONE - PAID FOR LOVE (ASOT 1035) [SERVICE FOR DREAMERS].flac
Jun 10 00:46 : update: added TRANCE/<3/58 - MARK SIXMA - CRASH (ASOT 1035).flac
Jun 10 00:46 : update: added TRANCE/<3/59 - ANDREA MAZZA - ALONE IN YOUR EYES (ASOT 1035).flac
Jun 10 00:46 : update: added TRANCE/<3/60 - YÉLOW - FULL OF QUESTIONS (ASOT 1035).flac
Jun 10 00:46 : update: added TRANCE/<3/61 - CORTI ORGAN - WILD (ASOT 1036).flac
Jun 10 00:46 : update: added TRANCE/<3/62 - GARETH EMERY - YOU'LL BE OK (MIXED) (JORN VAN DEYNHOVEN REMIX).flac
Jun 10 00:46 : update: added TRANCE/<3/63 - JORN VAN DEYNHOVEN - I NEED YOUR LOVIN' (LIKE THE SUNSHINE) [MIXED].flac
Jun 10 00:46 : update: added TRANCE/<3/64 - TITUS1 - WHO YOU ARE (ASOT 1037).flac
Jun 10 00:46 : update: added TRANCE/<3/65 - SLANDER - LOVE IS GONE (ASOT 1037) [TUNE OF THE WEEK] (ARMIN VAN BUUREN REMIX).flac
Jun 10 00:46 : update: added TRANCE/<3/66 - DUSTIN HUSAIN - JUST SAY YES (ASOT 1037).flac
Jun 10 00:46 : update: added TRANCE/<3/67 - HALIENE - GLASS HEART (ASOT 1039) (CRAIG CONNELLY REMIX).flac
Jun 10 00:46 : update: added TRANCE/<3/68 - FEEL - OUR LOVE (ASOT 1041).flac
Jun 10 00:46 : update: added TRANCE/<3/69 - EXIMINDS - WOULDN’T BE MINE (ASOT 1042).flac
Jun 10 00:46 : update: added TRANCE/<3/70 - SUNLOUNGER - OK (ASOT 1043) (ROGER SHAH UPLIFTING MIX).flac
Jun 10 00:46 : update: added TRANCE/<3/71 - BOGDAN VIX - STAY (ASOT 1044) [TUNE OF THE WEEK] (FESTIVAL MIX).flac
Jun 10 00:46 : update: added TRANCE/<3/72 - RICHARD DURAND - GIVE YOUR HEART A HOME (ASOT 1044).flac
Jun 10 00:46 : update: added TRANCE/<3/73 - ACTIVA - LEAVE A LIGHT ON (ASOT 1051) (MARCOS REMIX).flac
Jun 10 00:46 : update: added TRANCE/<3/74 - RICHARD DURAND - GIVE YOUR HEART A HOME (ASOT 1051).flac
Jun 10 00:46 : update: added TRANCE/<3/75 - WILL ATKINSON - LONG WAY HOME (ASOT 1054) (CLUB MIX).flac
Jun 10 00:46 : update: added TRANCE/<3/76 - JOHN O'CALLAGHAN - SAVING GRACE (ASOT 1055).flac
Jun 10 00:46 : update: added TRANCE/<3/77 - LUMINN - IN THE SILENCE (ASOT 1055).flac
Jun 10 00:46 : update: added TRANCE/<3/78 - XIJARO & PITCH - RESCUE ME (ASOT 1056).flac
Jun 10 00:46 : update: added TRANCE/<3/25 - ARMIN VAN BUUREN - JUST AS YOU ARE (ASOT 867).flac
Jun 10 00:46 : update: added W-POP/133 - BAYNK - GO WITH U.flac
Jun 10 00:46 : update: added W-POP/132 - AUDIEN - LEARN TO LOVE AGAIN.flac
Jun 10 00:46 : update: added W-POP/130 - ALLIE X - GIRL OF THE YEAR.flac
Jun 10 00:46 : update: added W-POP/129 - SYN COLE - FEELS LIKE LOVE.flac
Jun 10 00:46 : update: added W-POP/128 - PURITY RING - BETTER OFF ALONE.flac
Jun 10 00:46 : update: added W-POP/126 - SYN COLE - LIKE THIS.flac
Jun 10 00:46 : update: added W-POP/127 - 3LAU - WORST CASE.flac
Jun 10 00:46 : update: added W-POP/125 - NESSA BARRETT - I HOPE UR MISERABLE UNTIL UR DEAD.flac
Jun 10 00:46 : update: added W-POP/124 - BRONZE AVERY - MESSY.flac
Jun 10 00:46 : update: added W-POP/122 - DAYA - THE DIFFERENCE.flac
Jun 10 00:46 : update: added W-POP/123 - LULU SIMON - STRANGERS.flac
Jun 10 00:46 : update: added W-POP/118 - FLETCHER - CHERRY.flac
Jun 10 00:46 : update: added W-POP/119 - TATE MCRAE - SHE'S ALL I WANNA BE.flac
Jun 10 00:46 : update: added W-POP/121 - STEVE AOKI - USED TO BE.flac
Jun 10 00:46 : update: added W-POP/120 - BLACK ATLASS - BY MY SIDE.flac
Jun 10 00:46 : update: added W-POP/011 - LAUV - FEELINGS.flac
Jun 10 00:46 : update: added W-POP/013 - DAGNY - COME OVER.flac
Jun 10 00:46 : update: added W-POP/014 - DAGNY - LOVE YOU LIKE THAT.flac
Jun 10 00:46 : update: added W-POP/015 - CARLY RAE JEPSEN - RUN AWAY WITH ME.flac
Jun 10 00:46 : update: added W-POP/016 - CARLY RAE JEPSEN - MAKING THE MOST OF THE NIGHT.flac
Jun 10 00:46 : update: added W-POP/017 - CARLY RAE JEPSEN - YOUR TYPE.flac
Jun 10 00:46 : update: added W-POP/018 - PALE WAVES - CAME IN CLOSE.flac
Jun 10 00:46 : update: added W-POP/022 - WHITE LIES - DEATH.flac
Jun 10 00:46 : update: added W-POP/021 - KAVINSKY - NIGHTCALL.flac
Jun 10 00:46 : update: added W-POP/019 - KYGO - LIKE IT IS.flac
Jun 10 00:46 : update: added W-POP/020 - DAGNY - SOMEBODY.flac
Jun 10 00:46 : update: added W-POP/023 - CHVRCHES - ASKING FOR A FRIEND.flac
Jun 10 00:46 : update: added W-POP/024 - MARSHMELLO - LEAVE BEFORE YOU LOVE ME.flac
Jun 10 00:46 : update: added W-POP/025 - ARMAAN MALIK - ECHO (WITH KSHMR).flac
Jun 10 00:46 : update: added W-POP/026 - DVBBS - LOSING SLEEP.flac
Jun 10 00:46 : update: added W-POP/027 - DIPLO - LONELY.flac
Jun 10 00:46 : update: added W-POP/028 - GRIFF - ONE NIGHT.flac
Jun 10 00:46 : update: added W-POP/029 - TIËSTO - DON'T BE SHY.flac
Jun 10 00:46 : update: added W-POP/030 - REGARD - YOU.flac
Jun 10 00:46 : update: added W-POP/031 - THE WEEKND - IS THERE SOMEONE ELSE_.flac
Jun 10 00:46 : update: added W-POP/032 - OLIVIA RODRIGO - GOOD 4 U.flac
Jun 10 00:46 : update: added W-POP/034 - ANNE-MARIE - OUR SONG.flac
Jun 10 00:46 : update: added W-POP/033 - THE KID LAROI - STAY.flac
Jun 10 00:46 : update: added W-POP/035 - EVAN GIIA - TINY LIFE (DUSKUS REMIX).flac
Jun 10 00:46 : update: added W-POP/036 - CHARLI XCX - NEW SHAPES.flac
Jun 10 00:46 : update: added W-POP/037 - ZARA LARSSON - I NEED LOVE.flac
Jun 10 00:46 : update: added W-POP/038 - MUNA - NUMBER ONE FAN.flac
Jun 10 00:46 : update: added W-POP/039 - BÜLOW - YOU & JENNIFER.flac
Jun 10 00:46 : update: added W-POP/040 - LOOTE - ALL THE FUCKING TIME.flac
Jun 10 00:46 : update: added W-POP/041 - DAGNY - COULDA WOULDA SHOULDA.flac
Jun 10 00:46 : update: added W-POP/043 - CYN - DRINKS.flac
Jun 10 00:46 : update: added W-POP/042 - LOOTE - SOMEBODY ELSE.flac
Jun 10 00:46 : update: added W-POP/045 - BOY IN SPACE - ON A PRAYER.flac
Jun 10 00:46 : update: added W-POP/044 - GRYFFIN - BODY BACK.flac
Jun 10 00:46 : update: added W-POP/046 - NEA - NO REGRETS.flac
Jun 10 00:46 : update: added W-POP/047 - THE JAPANESE HOUSE - SOMETHING HAS TO CHANGE.flac
Jun 10 00:46 : update: added W-POP/048 - SHURA - WHAT'S IT GONNA BE_.flac
Jun 10 00:46 : update: added W-POP/050 - CLARA MAE - UNMISS YOU.flac
Jun 10 00:46 : update: added W-POP/049 - FLETCHER - BITTER.flac
Jun 10 00:46 : update: added W-POP/052 - HEY VIOLET - HOODIE.flac
Jun 10 00:46 : update: added W-POP/051 - BÜLOW - SWEET LITTLE LIES.flac
Jun 10 00:46 : update: added W-POP/053 - CLARA MAE - US.flac
Jun 10 00:46 : update: added W-POP/055 - GOLDHOUSE - I DON'T WANNA KNOW.flac
Jun 10 00:46 : update: added W-POP/054 - ELIO - CHARGER.flac
Jun 10 00:46 : update: added W-POP/056 - DAGNY - MOMENT.flac
Jun 10 00:46 : update: added W-POP/058 - TEGAN AND SARA - STOP DESIRE.flac
Jun 10 00:46 : update: added W-POP/057 - NINA NESBITT - COLDER.flac
Jun 10 00:46 : update: added W-POP/059 - A R I Z O N A - OCEANS AWAY.flac
Jun 10 00:46 : update: added W-POP/060 - GREYSON CHANCE - DANCING NEXT TO ME.flac
Jun 10 00:46 : update: added W-POP/061 - RINA SAWAYAMA - COMME DES GARÇONS (LIKE THE BOYS).flac
Jun 10 00:46 : update: added W-POP/062 - THE JAPANESE HOUSE - MAYBE YOU'RE THE REASON.flac
Jun 10 00:46 : update: added W-POP/063 - KIM PETRAS - HEART TO BREAK.flac
Jun 10 00:46 : update: added W-POP/064 - SHYGIRL - CLEO (EDIT).flac
Jun 10 00:46 : update: added W-POP/065 - ELIO - JACKIE ONASSIS.flac
Jun 10 00:46 : update: added W-POP/066 - ELIO - HURTS 2 HATE SOMEBODY (WITH CHASE ATLANTIC & NO ROME).flac
Jun 10 00:46 : update: added W-POP/067 - NOW, NOW - SET IT FREE (MUNA REMIX).flac
Jun 10 00:46 : update: added W-POP/068 - ALY & AJ - ATTACK OF PANIC.flac
Jun 10 00:46 : update: added W-POP/069 - ALLIE X - GLAM!.flac
Jun 10 00:46 : update: added W-POP/070 - LAUREL - BEST I EVER HAD.flac
Jun 10 00:46 : update: added W-POP/071 - CHARLI XCX - GOOD ONES.flac
Jun 10 00:46 : update: added W-POP/072 - FOXES - SISTER RAY.flac
Jun 10 00:46 : update: added W-POP/073 - BÜLOW - REVOLVER.flac
Jun 10 00:46 : update: added W-POP/074 - TERROR JR - TOO SOON.flac
Jun 10 00:46 : update: added W-POP/075 - RENFORSHORT - VIRTUAL REALITY.flac
Jun 10 00:46 : update: added W-POP/076 - ELIO - WHEN U SAW LOVE.flac
Jun 10 00:46 : update: added W-POP/077 - WINONA OAK - NOBODY LOVES ME.flac
Jun 10 00:46 : update: added W-POP/078 - BÜLOW - NOT A LOVE SONG.flac
Jun 10 00:46 : update: added W-POP/080 - DOJA CAT - KISS ME MORE.flac
Jun 10 00:46 : update: added W-POP/079 - DOJA CAT - I DON'T DO DRUGS.flac
Jun 10 00:46 : update: added W-POP/081 - THE WEEKND - OUT OF TIME.flac
Jun 10 00:46 : update: added W-POP/082 - LITTLE MIX - TOUCH.flac
Jun 10 00:46 : update: added W-POP/084 - CHARLI XCX - BOOM CLAP.flac
Jun 10 00:46 : update: added W-POP/083 - CARLY RAE JEPSEN - CUT TO THE FEELING.flac
Jun 10 00:46 : update: added W-POP/086 - 220 KID - DON’T NEED LOVE.flac
Jun 10 00:46 : update: added W-POP/088 - CALVIN HARRIS - ONE KISS.flac
Jun 10 00:46 : update: added W-POP/085 - LENNON STELLA - KISSING OTHER PEOPLE.flac
Jun 10 00:46 : update: added W-POP/087 - MAISIE PETERS - PSYCHO.flac
Jun 10 00:46 : update: added W-POP/089 - CHARLI XCX - GONE.flac
Jun 10 00:46 : update: added W-POP/090 - HALSEY - WITHOUT ME.flac
Jun 10 00:46 : update: added W-POP/091 - GRACEY - DON'T.flac
Jun 10 00:46 : update: added W-POP/092 - JAYDON LEWIS - GOOD COMPANY.flac
Jun 10 00:46 : update: added W-POP/093 - JULIA MICHAELS - LIE LIKE THIS.flac
Jun 10 00:46 : update: added W-POP/094 - LENNON STELLA - SUMMER FEELINGS.flac
Jun 10 00:46 : update: added W-POP/095 - THE WEEKND - SAVE YOUR TEARS (REMIX).flac
Jun 10 00:46 : update: added W-POP/096 - ZARA LARSSON - RIGHT HERE.flac
Jun 10 00:46 : update: added W-POP/097 - ED SHEERAN - BAD HABITS.flac
Jun 10 00:46 : update: added W-POP/099 - DOJA CAT - CYBER SEX.flac
Jun 10 00:46 : update: added W-POP/098 - ELTON JOHN - COLD HEART (PNAU REMIX).flac
Jun 10 00:46 : update: added W-POP/100 - DOJA CAT - NAKED.flac
Jun 10 00:46 : update: added W-POP/101 - DOJA CAT - SAY SO.flac
Jun 10 00:46 : update: added W-POP/102 - DOJA CAT - SAY SO.flac
Jun 10 00:46 : update: added W-POP/103 - THE WEEKND - IN YOUR EYES (REMIX).flac
Jun 10 00:46 : update: added W-POP/104 - THE WEEKND - I FEEL IT COMING.flac
Jun 10 00:46 : update: added W-POP/105 - LOST FREQUENCIES - WHERE ARE YOU NOW.flac
Jun 10 00:46 : update: added W-POP/106 - ROBYN - CALL YOUR GIRLFRIEND.flac
Jun 10 00:46 : update: added W-POP/107 - ROBYN - DANCING ON MY OWN.flac
Jun 10 00:46 : update: added W-POP/108 - ROBYN - EVER AGAIN.flac
Jun 10 00:46 : update: added W-POP/109 - CLARA MAE - NÅGON ANNAN.flac
Jun 10 00:46 : update: added W-POP/110 - DAGNY - PARIS.flac
Jun 10 00:46 : update: added W-POP/111 - DAGNY - LET ME CRY.flac
Jun 10 00:46 : update: added W-POP/112 - DAGNY - TENSION.flac
Jun 10 00:46 : update: added W-POP/113 - ASTRID S - PRETTY.flac
Jun 10 00:46 : update: added W-POP/114 - FLETCHER - IF YOU'RE GONNA LIE.flac
Jun 10 00:46 : update: added W-POP/115 - FLETCHER - SHE SAID.flac
Jun 10 00:46 : update: added W-POP/117 - FLETCHER - UNDRUNK.flac
Jun 10 00:46 : update: added W-POP/116 - FLETCHER - HEALING.flac
Jun 10 00:46 : update: added W-POP/134 - BAYNK - SETTLE.flac
Jun 10 00:46 : update: added W-POP/135 - AVA MAX - EVERYTIME I CRY.flac
Jun 10 00:46 : update: added W-POP/136 - DUA LIPA - COOL.flac
Jun 10 00:46 : update: added W-POP/137 - REGARD - SECRETS.flac
Jun 10 00:46 : update: added W-POP/138 - AVA MAX - KINGS & QUEENS.flac
Jun 10 00:46 : update: added W-POP/139 - ALY & AJ - JOAN OF ARC ON THE DANCE FLOOR.flac
Jun 10 00:46 : update: added W-POP/140 - KYLIE MINOGUE - A SECOND TO MIDNIGHT.flac
Jun 10 00:46 : update: added W-POP/141 - MARSHMELLO - OK NOT TO BE OK.flac
Jun 10 00:46 : update: added W-POP/142 - THE KNOCKS - AWA NI.flac
Jun 10 00:46 : update: added W-POP/144 - TYGA - FREAKY DEAKY.flac
Jun 10 00:46 : update: added W-POP/145 - MURA MASA - BBYCAKES.flac
Jun 10 00:46 : update: added W-POP/146 - DUA LIPA - IDGAF.flac
Jun 10 00:46 : update: added W-POP/143 - MIMI WEBB - HOUSE ON FIRE.flac
Jun 10 00:46 : update: added W-POP/147 - KITO - LOCKED ON YOU.flac
Jun 10 00:46 : update: added W-POP/148 - PHANTOMS - MOONLIGHT.flac
Jun 10 00:46 : update: added W-POP/149 - HEATHER SOMMER - YOU HEARD ME.flac
Jun 10 00:46 : update: added W-POP/150 - FICKLE FRIENDS - IRL.flac
Jun 10 00:46 : update: added W-POP/151 - LOST FREQUENCIES - DON'T LEAVE ME NOW.flac
Jun 10 00:46 : update: added W-POP/152 - LEAH KATE - FUCK UP THE FRIENDSHIP.flac
Jun 10 00:46 : update: added W-POP/153 - DAGNY - BACKBEAT.flac
Jun 10 00:46 : update: added W-POP/154 - GRACEY - GOT YOU COVERED.flac
Jun 10 00:46 : update: added W-POP/155 - THE ACES - DAYDREAM.flac
Jun 10 00:46 : update: added W-POP/156 - LYNXCATS - ARCADE LOVE.flac
Jun 10 00:46 : update: added W-POP/157 - JOEL CORRY - OUT OUT.flac
Jun 10 00:46 : update: added W-POP/158 - LEAH KATE - SHIT SHOW.flac
Jun 10 00:46 : update: added W-POP/160 - ZEDD - HAPPY NOW.flac
Jun 10 00:46 : update: added W-POP/159 - LEAH KATE - TOLD YOU SO.flac
Jun 10 00:46 : update: added W-POP/161 - GRYFFIN - TIE ME DOWN.flac
Jun 10 00:46 : update: added W-POP/162 - CHEAT CODES - LEAN ON ME.flac
Jun 10 00:46 : update: added W-POP/163 - KASKADE - WITH YOU.flac
Jun 10 00:46 : update: added W-POP/164 - MOKITA - COLORBLIND.flac
Jun 10 00:46 : update: added W-POP/165 - WITT LOWRY - PUT ME FIRST.flac
Jun 10 00:46 : update: added W-POP/166 - JOSH GOLDEN - HAPPYSAD.flac
Jun 10 00:46 : update: added W-POP/167 - LAUREL - YOU'RE THE ONE.flac
Jun 10 00:46 : update: added W-POP/170 - FICKLE FRIENDS - GLUE.flac
Jun 10 00:46 : update: added W-POP/172 - BEREN OLIVIA - IS THAT WHAT YOU LIKE NOW.flac
Jun 10 00:46 : update: added W-POP/168 - LOVA - DANCE FOR THE HELL OF IT.flac
Jun 10 00:46 : update: added W-POP/171 - JASMINE SOKKO - TETRIS.flac
Jun 10 00:46 : update: added W-POP/173 - MAKEYOUKNOWLOVE - DON'T NEED HEAVEN.flac
Jun 10 00:46 : update: added W-POP/169 - FICKLE FRIENDS - PRETTY GREAT.flac
Jun 10 00:46 : update: added W-POP/174 - SIGALA - YOU FOR ME.flac
Jun 10 00:46 : update: added W-POP/175 - MK - BODY 2 BODY.flac
Jun 10 00:46 : update: added W-POP/176 - JAMES REID - HELLO.flac
Jun 10 00:46 : update: added W-POP/177 - LOUD LUXURY - LOVE NO MORE.flac
Jun 10 00:46 : update: added W-POP/178 - VÉRITÉ - SOMEBODY ELSE.flac
Jun 10 00:46 : update: added W-POP/179 - JOSH GOLDEN - ROCKSTAR.flac
Jun 10 00:46 : update: added W-POP/180 - NOTD - BEEN THERE DONE THAT.flac
Jun 10 00:46 : update: added W-POP/007 - JP COOPER - SING IT WITH ME.flac
Jun 10 00:46 : update: added W-POP/010 - LAUV - MEAN IT.flac
Jun 10 00:46 : update: added W-POP/008 - LAUV - I LIKE ME BETTER.flac
Jun 10 00:46 : update: added W-POP/005 - A R I Z O N A - PROBLEMS.flac
Jun 10 00:46 : update: added W-POP/004 - NOTD - I DON'T KNOW WHY.flac
Jun 10 00:46 : update: added W-POP/009 - LAUV - I'M SO TIRED.flac
Jun 10 00:46 : update: added W-POP/001 - FLETCHER - FOREVER.flac
Jun 10 00:46 : update: added W-POP/003 - SAMANTHA HARVEY - GET TO KNOW YOU.flac
Jun 10 00:46 : update: added W-POP/006 - ASTRID S - DANCE DANCE DANCE.flac
Jun 10 00:46 : update: added W-POP/002 - NATIIVE - TRUST ME.flac
Jun 10 00:46 : update: added PROGRESSIVE/106 - BLINDED HEARTS - ARE YOU DOWN.flac
Jun 10 00:46 : update: added PROGRESSIVE/107 - DIVOLLY & MARKWARD - SAY IT RIGHT.flac
Jun 10 00:46 : update: added PROGRESSIVE/108 - MEDUZA - PIECE OF YOUR HEART (ALOK REMIX).flac
Jun 10 00:46 : update: added PROGRESSIVE/109 - STRANGE FRUITS MUSIC - SEXYBACK.flac
Jun 10 00:46 : update: added PROGRESSIVE/110 - SONNY FODERA - BEFORE U.flac
Jun 10 00:46 : update: added PROGRESSIVE/111 - STEVE VOID - CAN'T FEEL MY FACE.flac
Jun 10 00:46 : update: added PROGRESSIVE/112 - BLAZE U - FADED.flac
Jun 10 00:46 : update: added PROGRESSIVE/113 - KESH - GIRLS LIKE YOU.flac
Jun 10 00:46 : update: added PROGRESSIVE/114 - 220 KID - DON’T NEED LOVE.flac
Jun 10 00:46 : update: added PROGRESSIVE/115 - SEQUES - SWEET BUT PSYCHO.flac
Jun 10 00:46 : update: added PROGRESSIVE/116 - OFFLICENSE - MISSING YOU.flac
Jun 10 00:46 : update: added PROGRESSIVE/117 - DJ MAYSON - DRUNK ON YOU.flac
Jun 10 00:46 : update: added PROGRESSIVE/118 - ELDERBROOK - MY HOUSE (VIP MIX).flac
Jun 10 00:46 : update: added PROGRESSIVE/119 - R3HAB - THINKING ABOUT YOU.flac
Jun 10 00:46 : update: added PROGRESSIVE/120 - TOM BUDIN - ALL FOR NOTHING.flac
Jun 10 00:46 : update: added PROGRESSIVE/121 - PAUL WOOLFORD - LOOKING FOR ME.flac
Jun 10 00:46 : update: added PROGRESSIVE/122 - KELLY - YOU'RE MINE.flac
Jun 10 00:46 : update: added PROGRESSIVE/123 - SONDR - SO BLUE.flac
Jun 10 00:46 : update: added PROGRESSIVE/124 - LEON BROOKS - WITH YOU.flac
Jun 10 00:46 : update: added PROGRESSIVE/125 - SILIENCE - LOVE THAT WE NEED.flac
Jun 10 00:46 : update: added PROGRESSIVE/126 - SOMMA - I DON'T WANNA KNOW.flac
Jun 10 00:46 : update: added PROGRESSIVE/129 - LUCAS ESTRADA - BODY.flac
Jun 10 00:46 : update: added PROGRESSIVE/127 - ROW - I CAN'T SEE.flac
Jun 10 00:46 : update: added PROGRESSIVE/128 - ALOK - DON'T SAY GOODBYE.flac
Jun 10 00:46 : update: added PROGRESSIVE/130 - TWOCOLORS - LOVEFOOL.flac
Jun 10 00:46 : update: added PROGRESSIVE/150 - PANTE - BABYLON (ASOT 1037).flac
Jun 10 00:46 : update: added PROGRESSIVE/151 - MINUS ONE - HOLD ME (ASOT 1037) (NATRX REMIX).flac
Jun 10 00:46 : update: added PROGRESSIVE/131 - REGARD - RIDE IT.flac
Jun 10 00:46 : update: added PROGRESSIVE/132 - JAX JONES - I MISS U.flac
Jun 10 00:46 : update: added PROGRESSIVE/134 - GORGON CITY - THERE FOR YOU.flac
Jun 10 00:46 : update: added PROGRESSIVE/133 - TCTS - BETTER WITHOUT YOU.flac
Jun 10 00:46 : update: added PROGRESSIVE/135 - ALOK - PARTY ON MY OWN.flac
Jun 10 00:46 : update: added PROGRESSIVE/136 - JAY PRYOR - ASIDE.flac
Jun 10 00:46 : update: added PROGRESSIVE/137 - JOHN SUMMIT - DEEP END (SIDEPIECE REMIX).flac
Jun 10 00:46 : update: added PROGRESSIVE/138 - RAYE - REGARDLESS (HANNAH WANTS REMIX).flac
Jun 10 00:46 : update: added PROGRESSIVE/139 - H.E.R. - DAMAGE (JOEL CORRY REMIX).flac
Jun 10 00:46 : update: added PROGRESSIVE/140 - JONAS BLUE - SOMETHING STUPID (MAJESTIC REMIX).flac
Jun 10 00:46 : update: added PROGRESSIVE/141 - AVIRA - THE WORSHIP (ASOT 1010) [PROGRESSIVE PICK] (MARK KNIGHT REMIX).flac
Jun 10 00:46 : update: added PROGRESSIVE/142 - MILKWISH - NORTH BEACH (ASOT 1010).flac
Jun 10 00:46 : update: added PROGRESSIVE/144 - SAY SAY - JUMP (ASOT 1018).flac
Jun 10 00:46 : update: added PROGRESSIVE/145 - MATT FAX - RUNAWAY (ASOT 1018) (CLUB MIX).flac
Jun 10 00:46 : update: added PROGRESSIVE/146 - MUVY - BETTER (ASOT 1023) [PROGRESSIVE PICK].flac
Jun 10 00:46 : update: added PROGRESSIVE/148 - ARMIN VAN BUUREN - I SHOULD BE LOVING YOU.flac
Jun 10 00:46 : update: added PROGRESSIVE/147 - VINI VICI - COME CLOSE (ASOT 1024).flac
Jun 10 00:46 : update: added PROGRESSIVE/018 - NIKLAS IBACH - HUNGRY (REMIX).flac
Jun 10 00:46 : update: added PROGRESSIVE/020 - LA+CH - YOU ARE MY SUMMER.flac
Jun 10 00:46 : update: added PROGRESSIVE/022 - SHALLOU - YOU AND ME.flac
Jun 10 00:46 : update: added PROGRESSIVE/021 - CHARMING HORSES - YOU AND I (RADIO EDIT).flac
Jun 10 00:46 : update: added PROGRESSIVE/023 - JOY. - SMOKE TOO MUCH.flac
Jun 10 00:46 : update: added PROGRESSIVE/024 - TIËSTO - WINTERBREAK (TIËSTO'S DEEP HOUSE REMIX).flac
Jun 10 00:46 : update: added PROGRESSIVE/025 - SAM FELDT - SHOW ME LOVE (EDX REMIX _ RADIO EDIT).flac
Jun 10 00:46 : update: added PROGRESSIVE/026 - DAVID GUETTA - DON'T LEAVE ME ALONE (EDX'S INDIAN SUMMER REMIX).flac
Jun 10 00:46 : update: added PROGRESSIVE/027 - BAZZI VS. - BEAUTIFUL (BAZZI VS. EDX'S IBIZA SUNRISE REMIX).flac
Jun 10 00:46 : update: added PROGRESSIVE/028 - CHARLI XCX - WHITE MERCEDES (EDX'S MIAMI SUNSET REMIX).flac
Jun 10 00:46 : update: added PROGRESSIVE/031 - AIVARASK - SAD.flac
Jun 10 00:46 : update: added PROGRESSIVE/029 - CHEAT CODES - I FEEL YA.flac
Jun 10 00:46 : update: added PROGRESSIVE/030 - MOTI X LIU X RAPHAELLA - I DON'T WANNA.flac
Jun 10 00:46 : update: added PROGRESSIVE/032 - ARMIN VAN BUUREN - UNLOVE YOU (DROP G REMIX).flac
Jun 10 00:46 : update: added PROGRESSIVE/034 - HELION - COOL KIDS.flac
Jun 10 00:46 : update: added PROGRESSIVE/033 - JESSIE REYEZ - LOVE IN THE DARK (DZEKO REMIX).flac
Jun 10 00:46 : update: added PROGRESSIVE/035 - MADONNA - CRAVE (BENNY BENASSI & BB TEAM RADIO EDIT).flac
Jun 10 00:46 : update: added PROGRESSIVE/036 - CALVIN HARRIS - ONE KISS (OLIVER HELDENS REMIX).flac
Jun 10 00:46 : update: added PROGRESSIVE/037 - MARSHMELLO - FRIENDS (BORGEOUS REMIX).flac
Jun 10 00:46 : update: added PROGRESSIVE/038 - ZARA LARSSON - DON'T WORRY BOUT ME (RUDIMENTAL REMIX).flac
Jun 10 00:46 : update: added PROGRESSIVE/039 - DOJA CAT - SAY SO (JAX JONES MIDNIGHT SNACK REMIX).flac
Jun 10 00:46 : update: added PROGRESSIVE/040 - TCTS - NOT READY FOR LOVE.flac
Jun 10 00:46 : update: added PROGRESSIVE/042 - LANDIS - 3AM.flac
Jun 10 00:46 : update: added PROGRESSIVE/041 - JANELLE KROLL - STAY.flac
Jun 10 00:46 : update: added PROGRESSIVE/044 - ADAM K - SHADOWS.flac
Jun 10 00:46 : update: added PROGRESSIVE/043 - FAUX CHAUX - BETTER OFF ALONE.flac
Jun 10 00:46 : update: added PROGRESSIVE/045 - LANDIS - BETTER OFF.flac
Jun 10 00:46 : update: added PROGRESSIVE/046 - R3HAB - CREEP.flac
Jun 10 00:46 : update: added PROGRESSIVE/047 - DJ SAVA - MAGICAL PLACE (DJ DARK & MD DJ REMIX).flac
Jun 10 00:46 : update: added PROGRESSIVE/048 - LOUD LUXURY - I'M NOT ALRIGHT (EDX'S DUBAI SKYLINE REMIX).flac
Jun 10 00:46 : update: added PROGRESSIVE/049 - MAHALO - SO COLD.flac
Jun 10 00:46 : update: added PROGRESSIVE/050 - TINASHE - SAVE ROOM FOR US (REMIX).flac
Jun 10 00:46 : update: added PROGRESSIVE/052 - MEDUZA - LOSE CONTROL.flac
Jun 10 00:46 : update: added PROGRESSIVE/051 - THE KNOCKS - LUCKY ME.flac
Jun 10 00:46 : update: added PROGRESSIVE/053 - SAM ROBS & KELVIN WOOD - NO SCRUBS (RADIO EDIT).flac
Jun 10 00:46 : update: added PROGRESSIVE/054 - THAT KIND - LIGHTS GO DOWN.flac
Jun 10 00:46 : update: added PROGRESSIVE/055 - RASSTER - SAD (IMANBEK XXX REMIX).flac
Jun 10 00:46 : update: added PROGRESSIVE/056 - IMANBEK - I'M JUST FEELIN' (DU DU DU).flac
Jun 10 00:46 : update: added PROGRESSIVE/057 - DUA LIPA - DON'T START NOW.flac
Jun 10 00:46 : update: added PROGRESSIVE/059 - TOPIC - BREAKING ME.flac
Jun 10 00:46 : update: added PROGRESSIVE/058 - SILIENCE - I DON'T WANNA KNOW.flac
Jun 10 00:46 : update: added PROGRESSIVE/060 - MICHAEL CALFAN - NO LIE.flac
Jun 10 00:46 : update: added PROGRESSIVE/061 - KIESZA - LOVE ME WITH YOUR LIE.flac
Jun 10 00:46 : update: added PROGRESSIVE/062 - KELVIN WOOD - FLOWERS.flac
Jun 10 00:46 : update: added PROGRESSIVE/063 - M-22 - CAN’T STOP LOVING YOU.flac
Jun 10 00:46 : update: added PROGRESSIVE/064 - HADES - DON'T WORRY.flac
Jun 10 00:46 : update: added PROGRESSIVE/065 - LOST GIRL - I WON'T GIVE UP (ZAC SAMUEL REMIX).flac
Jun 10 00:46 : update: added PROGRESSIVE/066 - T. MATTHIAS - SUNFLOWER (RADIO EDIT).flac
Jun 10 00:46 : update: added PROGRESSIVE/067 - WHO TO BLAME - ERASE ME.flac
Jun 10 00:46 : update: added PROGRESSIVE/068 - T. MATTHIAS - WOULD I LIE TO YOU.flac
Jun 10 00:46 : update: added PROGRESSIVE/070 - JACK Ü - WHERE ARE Ü NOW (WITH JUSTIN BIEBER).flac
Jun 10 00:46 : update: added PROGRESSIVE/069 - CAROLINE ROMANO - I STILL REMEMBER (R3HAB REMIX).flac
Jun 10 00:46 : update: added PROGRESSIVE/071 - ARMIN VAN BUUREN - PHONE DOWN (BRKLYN REMIX).flac
Jun 10 00:46 : update: added PROGRESSIVE/072 - LAST ISLAND - NOT MEANT TO BE EASY (ASOT 951).flac
Jun 10 00:46 : update: added PROGRESSIVE/073 - FRENCH MONTANA - UNFORGETTABLE (TIËSTO VS. DZEKO AFTR_HRS REMIX).flac
Jun 10 00:46 : update: added PROGRESSIVE/074 - TIËSTO - WHAT’S IT GONNA BE.flac
Jun 10 00:46 : update: added PROGRESSIVE/076 - M-22 - AFTER HOURS.flac
Jun 10 00:46 : update: added PROGRESSIVE/077 - FLETCHER - FOREVER.flac
Jun 10 00:46 : update: added PROGRESSIVE/078 - SONDR - HEARTACHE.flac
Jun 10 00:46 : update: added PROGRESSIVE/079 - SONDR - KIDS.flac
Jun 10 00:46 : update: added PROGRESSIVE/080 - DAECOLM - DANCING QUEEN (SONDR REMIX).flac
Jun 10 00:46 : update: added PROGRESSIVE/081 - REGARD - SECRETS.flac
Jun 10 00:46 : update: added PROGRESSIVE/082 - CHACE - US (SELECTED MIX).flac
Jun 10 00:46 : update: added PROGRESSIVE/084 - OLIVER HELDENS - DETAILS.flac
Jun 10 00:46 : update: added PROGRESSIVE/083 - PABLO BRAVAS - KING.flac
Jun 10 00:46 : update: added PROGRESSIVE/085 - OLIVER HELDENS - THIS GROOVE.flac
Jun 10 00:46 : update: added PROGRESSIVE/086 - YVES V - WE GOT THAT COOL.flac
Jun 10 00:46 : update: added PROGRESSIVE/087 - NU ASPECT - LIGHT.flac
Jun 10 00:46 : update: added PROGRESSIVE/088 - AZ2A - GENIE IN A BOTTLE.flac
Jun 10 00:46 : update: added PROGRESSIVE/089 - DAVE SILCOX - OVERRIDE.flac
Jun 10 00:46 : update: added PROGRESSIVE/090 - MOTI - PUSH IT RIGHT.flac
Jun 10 00:46 : update: added PROGRESSIVE/091 - ALESSIA CARA - I CHOOSE (FROM THE NETFLIX ORIGINAL FILM THE WILLOUGHBYS _ MK REMIX).flac
Jun 10 00:46 : update: added PROGRESSIVE/092 - KITO - WILD GIRL (PAUL WOOLFORD REMIX).flac
Jun 10 00:46 : update: added PROGRESSIVE/093 - KESH - SOMEONE YOU LOVED.flac
Jun 10 00:46 : update: added PROGRESSIVE/094 - R I T U A L - USING (SYN COLE REMIX).flac
Jun 10 00:46 : update: added PROGRESSIVE/095 - THBD - SELFISH.flac
Jun 10 00:46 : update: added PROGRESSIVE/096 - DALLASK - SOMETIMES.flac
Jun 10 00:46 : update: added PROGRESSIVE/097 - CURETON - LOVESICK.flac
Jun 10 00:46 : update: added PROGRESSIVE/098 - TIËSTO - LOSE YOU (CHICO ROSE REMIX).flac
Jun 10 00:46 : update: added PROGRESSIVE/099 - CALVIN - DIDN'T CHOOSE YOU.flac
Jun 10 00:46 : update: added PROGRESSIVE/100 - VIZE - NEVER LET ME DOWN.flac
Jun 10 00:46 : update: added PROGRESSIVE/101 - SANTELI - CALL MY NUMBER.flac
Jun 10 00:46 : update: added PROGRESSIVE/103 - ALICIA KEYS - IN COMMON.flac
Jun 10 00:46 : update: added PROGRESSIVE/102 - DE HOFNAR - IT'S OVER.flac
Jun 10 00:46 : update: added PROGRESSIVE/104 - MARCUS LAYTON - SWEET DREAMS.flac
Jun 10 00:46 : update: added PROGRESSIVE/105 - JOEL CORRY - HEAD & HEART.flac
Jun 10 00:46 : update: added PROGRESSIVE/149 - STANDERWICK - I CAN BE YOUR LOVER (ASOT 1037).flac
Jun 10 00:46 : update: added PROGRESSIVE/152 - SILIENCE - HIDING YOUR LOVE.flac
Jun 10 00:46 : update: added PROGRESSIVE/153 - DYNORO - IN MY MIND.flac
Jun 10 00:46 : update: added PROGRESSIVE/154 - ILKAY SENCAN - ROCKSTAR.flac
Jun 10 00:46 : update: added PROGRESSIVE/155 - ALOK - ON & ON.flac
Jun 10 00:46 : update: added PROGRESSIVE/156 - DYNORO - MONSTERS.flac
Jun 10 00:46 : update: added PROGRESSIVE/157 - INA WROLDSEN - OBSESSED.flac
Jun 10 00:46 : update: added PROGRESSIVE/158 - DVBBS - NEED U.flac
Jun 10 00:46 : update: added PROGRESSIVE/159 - HELION - I FOLLOW RIVERS.flac
Jun 10 00:46 : update: added PROGRESSIVE/160 - LIZOT - MENAGE A TROIS.flac
Jun 10 00:46 : update: added PROGRESSIVE/161 - SHOWTEK - WAY WE USED 2.flac
Jun 10 00:46 : update: added PROGRESSIVE/162 - BROOKS - WAITING FOR LOVE.flac
Jun 10 00:46 : update: added PROGRESSIVE/163 - MK - BODY 2 BODY.flac
Jun 10 00:46 : update: added PROGRESSIVE/164 - R.I.O. - KOMODO (HARD NIGHTS) (FSDW REMIX).flac
Jun 10 00:46 : update: added PROGRESSIVE/165 - PASCAL JUNIOR - MY WAY.flac
Jun 10 00:46 : update: added PROGRESSIVE/166 - DEORRO - ALL THIS TIME.flac
Jun 10 00:46 : update: added PROGRESSIVE/167 - ALESSO - REMEDY.flac
Jun 10 00:46 : update: added PROGRESSIVE/168 - MOTI - FEELS LIKE LOVE.flac
Jun 10 00:46 : update: added PROGRESSIVE/169 - MABEL - DON'T CALL ME UP.flac
Jun 10 00:46 : update: added PROGRESSIVE/008 - LOST FREQUENCIES - ARE YOU WITH ME.flac
Jun 10 00:46 : update: added PROGRESSIVE/004 - KASKADE - PROMISE.flac
Jun 10 00:46 : update: added PROGRESSIVE/005 - TUBE & BERGER - COME ON NOW (SET IT OFF).flac
Jun 10 00:46 : update: added PROGRESSIVE/007 - KANT - NEVER YOU MIND (RADIO EDIT).flac
Jun 10 00:46 : update: added PROGRESSIVE/010 - ADDAL - MORNING IN LOVE.flac
Jun 10 00:46 : update: added PROGRESSIVE/009 - BOY KISS GIRL - LEAN ON ME (RADIO EDIT).flac
Jun 10 00:46 : update: added PROGRESSIVE/003 - KASKADE - LET ME GO.flac
Jun 10 00:46 : update: added PROGRESSIVE/002 - CAZZETTE - GENIUS.flac
Jun 10 00:46 : update: added PROGRESSIVE/001 - CAZZETTE - SLEEPLESS (RADIO EDIT).flac
Jun 10 00:46 : update: added PROGRESSIVE/006 - MR. PROBZ - WAVES (ROBIN SCHULZ RADIO EDIT).flac
Jun 10 00:46 : update: added PROGRESSIVE/011 - BOEHM - SUMMER SIPPIN'.flac
Jun 10 00:46 : update: added PROGRESSIVE/012 - ARMIN VAN BUUREN - IN AND OUT OF LOVE (LOST FREQUENCIES REMIX).flac
Jun 10 00:46 : update: added PROGRESSIVE/013 - LATROIT - LOVING EVERY MINUTE (RADIO EDIT).flac
Jun 10 00:46 : update: added PROGRESSIVE/014 - EMMA BALE - RUN (LOST FREQUENCIES RADIO EDIT).flac
Jun 10 00:46 : update: added PROGRESSIVE/015 - ALPHABET - ANYMORE (LOST FREQUENCIES REMIX).flac
Jun 10 00:46 : update: added PROGRESSIVE/016 - KASKADE - FAKIN IT.flac
Jun 10 00:46 : update: added PROGRESSIVE/017 - RÆVE - THE SWEETEST SIN.flac
Jun 10 00:46 : update: added PROGRESSIVE/019 - CEDRIC ZEYENNE - FEEL YOU (ORIGINAL MIX).flac
Jun 10 00:46 : exception: Failed to open /home/miu/.config/mpd/playlists: No such file or directory
Jun 10 00:46 : exception: Failed to open /home/miu/.config/mpd/playlists: No such file or directory
Jun 10 00:48 : exception: Failed to open /home/miu/.config/mpd/playlists: No such file or directory
Jun 10 00:48 : exception: Failed to open /home/miu/.config/mpd/playlists: No such file or directory
Jun 10 00:48 : exception: Failed to open /home/miu/.config/mpd/playlists: No such file or directory
Jun 10 00:48 : exception: Failed to open /home/miu/.config/mpd/playlists: No such file or directory
Jun 10 00:48 : exception: Failed to open /home/miu/.config/mpd/playlists: No such file or directory
Jun 10 00:48 : exception: Failed to open /home/miu/.config/mpd/playlists: No such file or directory
Jun 10 00:53 : client: [2] command "close" during idle
Jun 10 00:53 : client: [5] command "close" during idle
Jun 10 00:54 : player: played "K-POP/026 - TWICE - SOS.flac"
Jun 10 00:54 : exception: Failed to open /home/miu/.config/mpd/playlists: No such file or directory
Jun 10 00:54 : exception: Failed to open /home/miu/.config/mpd/playlists: No such file or directory
Jun 10 00:54 : exception: Failed to open /home/miu/.config/mpd/playlists: No such file or directory
Jun 10 00:54 : client: [6] command "close" during idle
Jun 10 00:54 : exception: Failed to open /home/miu/.config/mpd/playlists: No such file or directory
Jun 10 00:54 : exception: Failed to open /home/miu/.config/mpd/playlists: No such file or directory
Jun 10 00:54 : exception: Failed to open /home/miu/.config/mpd/playlists: No such file or directory
Jun 10 00:54 : exception: Failed to open /home/miu/.config/mpd/playlists: No such file or directory
Jun 10 00:54 : exception: Failed to open /home/miu/.config/mpd/playlists: No such file or directory
Jun 10 01:07 : exception: Failed to open /home/miu/.config/mpd/playlists: No such file or directory
Jun 10 01:26 : client: [11] command "close" during idle
Jun 10 01:26 : client: [12] command "close" during idle
Jun 10 01:57 : player: played "K-POP/026 - TWICE - SOS.flac"
Jun 10 02:31 : client: [0] command "close" during idle
Jun 10 04:18 : client: [0] command "close" during idle
Jun 10 04:24 : client: [1] command "close" during idle
Jun 10 04:25 : client: [2] command "close" during idle
Jun 10 04:27 : client: [3] command "close" during idle
Jun 10 04:27 : client: [4] command "close" during idle
Jun 10 04:33 : client: [5] command "close" during idle
Jun 10 04:33 : client: [6] command "close" during idle
Jun 10 04:33 : client: [7] command "close" during idle
Jun 10 04:34 : client: [8] command "close" during idle
Jun 10 04:34 : client: [9] command "close" during idle
Jun 10 04:58 : client: [0] command "close" during idle
Jun 10 04:59 : client: [1] command "close" during idle
Jun 10 05:01 : client: [2] command "close" during idle
